2018-05-24 08:31:02,799 [5] DEBUG ConsoleAppTopshelf.SampleService - Tick:8:31:02
 ConsoleAppTopshelf.SampleServicename2018-05-24 08:31:07,805 [8] DEBUG ConsoleAppTopshelf.SampleService - Tick:8:31:07
 ConsoleAppTopshelf.SampleServicename2018-05-24 08:31:12,816 [5] DEBUG ConsoleAppTopshelf.SampleService - Tick:8:31:12
 ConsoleAppTopshelf.SampleServicename2018-05-24 08:31:17,827 [8] DEBUG ConsoleAppTopshelf.SampleService - Tick:8:31:17
 ConsoleAppTopshelf.SampleServicename2018-05-24 08:31:22,832 [5] DEBUG ConsoleAppTopshelf.SampleService - Tick:8:31:22
 ConsoleAppTopshelf.SampleServicename2018-05-24 08:31:27,845 [5] DEBUG ConsoleAppTopshelf.SampleService - Tick:8:31:27
 ConsoleAppTopshelf.SampleServicename2018-05-24 08:31:32,856 [8] DEBUG ConsoleAppTopshelf.SampleService - Tick:8:31:32
 ConsoleAppTopshelf.SampleServicename2018-05-24 08:31:37,872 [5] DEBUG ConsoleAppTopshelf.SampleService - Tick:8:31:37
 ConsoleAppTopshelf.SampleServicename2018-05-24 08:31:42,876 [8] DEBUG ConsoleAppTopshelf.SampleService - Tick:8:31:42
 ConsoleAppTopshelf.SampleServicename2018-05-24 08:31:47,885 [5] DEBUG ConsoleAppTopshelf.SampleService - Tick:8:31:47
 ConsoleAppTopshelf.SampleServicename2018-05-24 08:31:52,892 [8] DEBUG ConsoleAppTopshelf.SampleService - Tick:8:31:52
 ConsoleAppTopshelf.SampleServicename2018-05-24 08:31:57,908 [5] DEBUG ConsoleAppTopshelf.SampleService - Tick:8:31:57
 ConsoleAppTopshelf.SampleServicename2018-05-24 08:32:02,923 [8] DEBUG ConsoleAppTopshelf.SampleService - Tick:8:32:02
 ConsoleAppTopshelf.SampleServicename2018-05-24 08:32:07,924 [5] DEBUG ConsoleAppTopshelf.SampleService - Tick:8:32:07
 ConsoleAppTopshelf.SampleServicename2018-05-24 08:32:12,925 [5] DEBUG ConsoleAppTopshelf.SampleService - Tick:8:32:12
 ConsoleAppTopshelf.SampleServicename2018-05-24 08:32:17,925 [8] DEBUG ConsoleAppTopshelf.SampleService - Tick:8:32:17
 ConsoleAppTopshelf.SampleServicename2018-05-24 08:32:22,938 [5] DEBUG ConsoleAppTopshelf.SampleService - Tick:8:32:22
 ConsoleAppTopshelf.SampleServicename2018-05-24 08:32:27,946 [8] DEBUG ConsoleAppTopshelf.SampleService - Tick:8:32:27
 ConsoleAppTopshelf.SampleServicename2018-05-24 08:32:32,949 [5] DEBUG ConsoleAppTopshelf.SampleService - Tick:8:32:32
 ConsoleAppTopshelf.SampleServicename2018-05-24 08:32:37,951 [8] DEBUG ConsoleAppTopshelf.SampleService - Tick:8:32:37
 ConsoleAppTopshelf.SampleServicename2018-05-24 08:32:42,952 [5] DEBUG ConsoleAppTopshelf.SampleService - Tick:8:32:42
 ConsoleAppTopshelf.SampleServicename2018-05-24 08:32:47,953 [8] DEBUG ConsoleAppTopshelf.SampleService - Tick:8:32:47
 ConsoleAppTopshelf.SampleServicename2018-05-24 08:32:52,962 [5] DEBUG ConsoleAppTopshelf.SampleService - Tick:8:32:52
 ConsoleAppTopshelf.SampleServicename2018-05-24 08:32:57,972 [8] DEBUG ConsoleAppTopshelf.SampleService - Tick:8:32:57
 ConsoleAppTopshelf.SampleServicename2018-05-24 08:33:02,979 [5] DEBUG ConsoleAppTopshelf.SampleService - Tick:8:33:02
 ConsoleAppTopshelf.SampleServicename2018-05-24 08:33:07,982 [8] DEBUG ConsoleAppTopshelf.SampleService - Tick:8:33:07
 ConsoleAppTopshelf.SampleServicename2018-05-24 08:33:12,983 [5] DEBUG ConsoleAppTopshelf.SampleService - Tick:8:33:12
 ConsoleAppTopshelf.SampleServicename2018-05-24 08:33:17,984 [8] DEBUG ConsoleAppTopshelf.SampleService - Tick:8:33:17
 ConsoleAppTopshelf.SampleServicename2018-05-24 08:33:22,985 [5] DEBUG ConsoleAppTopshelf.SampleService - Tick:8:33:22
 ConsoleAppTopshelf.SampleServicename2018-05-24 08:33:27,985 [8] DEBUG ConsoleAppTopshelf.SampleService - Tick:8:33:27
 ConsoleAppTopshelf.SampleServicename2018-05-24 08:33:32,986 [5] DEBUG ConsoleAppTopshelf.SampleService - Tick:8:33:32
 ConsoleAppTopshelf.SampleServicename2018-05-24 08:33:37,986 [8] DEBUG ConsoleAppTopshelf.SampleService - Tick:8:33:37
 ConsoleAppTopshelf.SampleServicename2018-05-24 08:33:42,986 [5] DEBUG ConsoleAppTopshelf.SampleService - Tick:8:33:42
 ConsoleAppTopshelf.SampleServicename2018-05-24 08:33:47,987 [8] DEBUG ConsoleAppTopshelf.SampleService - Tick:8:33:47
 ConsoleAppTopshelf.SampleServicename2018-05-24 08:33:52,988 [5] DEBUG ConsoleAppTopshelf.SampleService - Tick:8:33:52
 ConsoleAppTopshelf.SampleServicename2018-05-24 08:33:57,989 [8] DEBUG ConsoleAppTopshelf.SampleService - Tick:8:33:57
 ConsoleAppTopshelf.SampleServicename2018-05-24 08:34:02,989 [5] DEBUG ConsoleAppTopshelf.SampleService - Tick:8:34:02
 ConsoleAppTopshelf.SampleServicename2018-05-24 08:34:07,990 [8] DEBUG ConsoleAppTopshelf.SampleService - Tick:8:34:07
 ConsoleAppTopshelf.SampleServicename2018-05-24 08:34:12,991 [5] DEBUG ConsoleAppTopshelf.SampleService - Tick:8:34:12
 ConsoleAppTopshelf.SampleServicename2018-05-24 08:34:17,993 [8] DEBUG ConsoleAppTopshelf.SampleService - Tick:8:34:17
 ConsoleAppTopshelf.SampleServicename2018-05-24 08:34:22,993 [5] DEBUG ConsoleAppTopshelf.SampleService - Tick:8:34:22
 ConsoleAppTopshelf.SampleServicename2018-05-24 08:34:27,995 [8] DEBUG ConsoleAppTopshelf.SampleService - Tick:8:34:27
 ConsoleAppTopshelf.SampleServicename2018-05-24 08:34:32,996 [5] DEBUG ConsoleAppTopshelf.SampleService - Tick:8:34:32
 ConsoleAppTopshelf.SampleServicename2018-05-24 08:34:37,997 [8] DEBUG ConsoleAppTopshelf.SampleService - Tick:8:34:37
 ConsoleAppTopshelf.SampleServicename2018-05-24 08:34:42,998 [5] DEBUG ConsoleAppTopshelf.SampleService - Tick:8:34:42
 ConsoleAppTopshelf.SampleServicename2018-05-24 08:34:47,999 [8] DEBUG ConsoleAppTopshelf.SampleService - Tick:8:34:47
 ConsoleAppTopshelf.SampleServicename2018-05-24 08:34:52,999 [5] DEBUG ConsoleAppTopshelf.SampleService - Tick:8:34:52
 ConsoleAppTopshelf.SampleServicename2018-05-24 08:34:58,000 [8] DEBUG ConsoleAppTopshelf.SampleService - Tick:8:34:58
 ConsoleAppTopshelf.SampleServicename2018-05-24 08:35:03,000 [5] DEBUG ConsoleAppTopshelf.SampleService - Tick:8:35:03
 ConsoleAppTopshelf.SampleServicename2018-05-24 08:35:08,001 [8] DEBUG ConsoleAppTopshelf.SampleService - Tick:8:35:08
 ConsoleAppTopshelf.SampleServicename2018-05-24 08:35:13,001 [5] DEBUG ConsoleAppTopshelf.SampleService - Tick:8:35:13
 ConsoleAppTopshelf.SampleServicename2018-05-24 08:35:18,002 [8] DEBUG ConsoleAppTopshelf.SampleService - Tick:8:35:18
 ConsoleAppTopshelf.SampleServicename2018-05-24 08:35:23,002 [5] DEBUG ConsoleAppTopshelf.SampleService - Tick:8:35:23
 ConsoleAppTopshelf.SampleServicename2018-05-24 08:35:28,003 [8] DEBUG ConsoleAppTopshelf.SampleService - Tick:8:35:28
 ConsoleAppTopshelf.SampleServicename2018-05-24 08:35:33,004 [5] DEBUG ConsoleAppTopshelf.SampleService - Tick:8:35:33
 ConsoleAppTopshelf.SampleServicename2018-05-24 08:35:38,005 [8] DEBUG ConsoleAppTopshelf.SampleService - Tick:8:35:38
 ConsoleAppTopshelf.SampleServicename2018-05-24 08:35:43,005 [5] DEBUG ConsoleAppTopshelf.SampleService - Tick:8:35:43
 ConsoleAppTopshelf.SampleServicename2018-05-24 08:35:48,006 [8] DEBUG ConsoleAppTopshelf.SampleService - Tick:8:35:48
 ConsoleAppTopshelf.SampleServicename2018-05-24 08:35:53,007 [5] DEBUG ConsoleAppTopshelf.SampleService - Tick:8:35:53
 ConsoleAppTopshelf.SampleServicename2018-05-24 08:35:58,007 [8] DEBUG ConsoleAppTopshelf.SampleService - Tick:8:35:58
 ConsoleAppTopshelf.SampleServicename2018-05-24 08:36:03,008 [5] DEBUG ConsoleAppTopshelf.SampleService - Tick:8:36:03
 ConsoleAppTopshelf.SampleServicename2018-05-24 08:36:08,009 [8] DEBUG ConsoleAppTopshelf.SampleService - Tick:8:36:08
 ConsoleAppTopshelf.SampleServicename2018-05-24 08:36:13,010 [5] DEBUG ConsoleAppTopshelf.SampleService - Tick:8:36:13
 ConsoleAppTopshelf.SampleServicename2018-05-24 08:36:18,011 [8] DEBUG ConsoleAppTopshelf.SampleService - Tick:8:36:18
 ConsoleAppTopshelf.SampleServicename2018-05-24 08:36:23,011 [5] DEBUG ConsoleAppTopshelf.SampleService - Tick:8:36:23
 ConsoleAppTopshelf.SampleServicename2018-05-24 08:36:28,011 [8] DEBUG ConsoleAppTopshelf.SampleService - Tick:8:36:28
 ConsoleAppTopshelf.SampleServicename2018-05-24 08:36:33,012 [5] DEBUG ConsoleAppTopshelf.SampleService - Tick:8:36:33
 ConsoleAppTopshelf.SampleServicename2018-05-24 08:36:38,013 [8] DEBUG ConsoleAppTopshelf.SampleService - Tick:8:36:38
 ConsoleAppTopshelf.SampleServicename2018-05-24 08:36:43,015 [5] DEBUG ConsoleAppTopshelf.SampleService - Tick:8:36:43
 ConsoleAppTopshelf.SampleServicename2018-05-24 08:36:48,016 [8] DEBUG ConsoleAppTopshelf.SampleService - Tick:8:36:48
 ConsoleAppTopshelf.SampleServicename2018-05-24 08:36:53,017 [5] DEBUG ConsoleAppTopshelf.SampleService - Tick:8:36:53
 ConsoleAppTopshelf.SampleServicename2018-05-24 08:36:58,017 [8] DEBUG ConsoleAppTopshelf.SampleService - Tick:8:36:58
 ConsoleAppTopshelf.SampleServicename2018-05-24 08:37:03,018 [5] DEBUG ConsoleAppTopshelf.SampleService - Tick:8:37:03
 ConsoleAppTopshelf.SampleServicename2018-05-24 08:37:08,018 [8] DEBUG ConsoleAppTopshelf.SampleService - Tick:8:37:08
 ConsoleAppTopshelf.SampleServicename2018-05-24 08:37:13,019 [5] DEBUG ConsoleAppTopshelf.SampleService - Tick:8:37:13
 ConsoleAppTopshelf.SampleServicename2018-05-24 08:37:18,019 [8] DEBUG ConsoleAppTopshelf.SampleService - Tick:8:37:18
 ConsoleAppTopshelf.SampleServicename2018-05-24 08:37:23,020 [5] DEBUG ConsoleAppTopshelf.SampleService - Tick:8:37:23
 ConsoleAppTopshelf.SampleServicename2018-05-24 08:37:28,021 [8] DEBUG ConsoleAppTopshelf.SampleService - Tick:8:37:28
 ConsoleAppTopshelf.SampleServicename2018-05-24 08:37:33,021 [5] DEBUG ConsoleAppTopshelf.SampleService - Tick:8:37:33
 ConsoleAppTopshelf.SampleServicename2018-05-24 08:37:38,022 [8] DEBUG ConsoleAppTopshelf.SampleService - Tick:8:37:38
 ConsoleAppTopshelf.SampleServicename2018-05-24 08:37:43,023 [5] DEBUG ConsoleAppTopshelf.SampleService - Tick:8:37:43
 ConsoleAppTopshelf.SampleServicename2018-05-24 08:37:48,024 [8] DEBUG ConsoleAppTopshelf.SampleService - Tick:8:37:48
 ConsoleAppTopshelf.SampleServicename2018-05-24 08:37:53,025 [5] DEBUG ConsoleAppTopshelf.SampleService - Tick:8:37:53
 ConsoleAppTopshelf.SampleServicename2018-05-24 08:37:58,025 [8] DEBUG ConsoleAppTopshelf.SampleService - Tick:8:37:58
 ConsoleAppTopshelf.SampleServicename2018-05-24 08:38:03,025 [5] DEBUG ConsoleAppTopshelf.SampleService - Tick:8:38:03
 ConsoleAppTopshelf.SampleServicename2018-05-24 08:38:08,026 [8] DEBUG ConsoleAppTopshelf.SampleService - Tick:8:38:08
 ConsoleAppTopshelf.SampleServicename2018-05-24 08:38:13,027 [5] DEBUG ConsoleAppTopshelf.SampleService - Tick:8:38:13
 ConsoleAppTopshelf.SampleServicename2018-05-24 08:38:18,027 [8] DEBUG ConsoleAppTopshelf.SampleService - Tick:8:38:18
 ConsoleAppTopshelf.SampleServicename2018-05-24 08:38:23,028 [5] DEBUG ConsoleAppTopshelf.SampleService - Tick:8:38:23
 ConsoleAppTopshelf.SampleServicename2018-05-24 08:38:28,028 [8] DEBUG ConsoleAppTopshelf.SampleService - Tick:8:38:28
 ConsoleAppTopshelf.SampleServicename2018-05-24 08:38:33,029 [5] DEBUG ConsoleAppTopshelf.SampleService - Tick:8:38:33
 ConsoleAppTopshelf.SampleServicename2018-05-24 08:38:38,030 [8] DEBUG ConsoleAppTopshelf.SampleService - Tick:8:38:38
 ConsoleAppTopshelf.SampleServicename2018-05-24 08:38:43,030 [5] DEBUG ConsoleAppTopshelf.SampleService - Tick:8:38:43
 ConsoleAppTopshelf.SampleServicename2018-05-24 08:38:48,031 [8] DEBUG ConsoleAppTopshelf.SampleService - Tick:8:38:48
 ConsoleAppTopshelf.SampleServicename2018-05-24 08:38:53,031 [5] DEBUG ConsoleAppTopshelf.SampleService - Tick:8:38:53
 ConsoleAppTopshelf.SampleServicename2018-05-24 08:38:58,032 [8] DEBUG ConsoleAppTopshelf.SampleService - Tick:8:38:58
 ConsoleAppTopshelf.SampleServicename2018-05-24 08:39:03,033 [5] DEBUG ConsoleAppTopshelf.SampleService - Tick:8:39:03
 ConsoleAppTopshelf.SampleServicename2018-05-24 08:39:08,033 [8] DEBUG ConsoleAppTopshelf.SampleService - Tick:8:39:08
 ConsoleAppTopshelf.SampleServicename2018-05-24 08:39:13,034 [5] DEBUG ConsoleAppTopshelf.SampleService - Tick:8:39:13
 ConsoleAppTopshelf.SampleServicename2018-05-24 08:39:18,034 [8] DEBUG ConsoleAppTopshelf.SampleService - Tick:8:39:18
 ConsoleAppTopshelf.SampleServicename2018-05-24 08:39:23,036 [5] DEBUG ConsoleAppTopshelf.SampleService - Tick:8:39:23
 ConsoleAppTopshelf.SampleServicename2018-05-24 08:39:28,036 [8] DEBUG ConsoleAppTopshelf.SampleService - Tick:8:39:28
 ConsoleAppTopshelf.SampleServicename2018-05-24 08:39:33,036 [5] DEBUG ConsoleAppTopshelf.SampleService - Tick:8:39:33
 ConsoleAppTopshelf.SampleServicename2018-05-24 08:39:38,038 [8] DEBUG ConsoleAppTopshelf.SampleService - Tick:8:39:38
 ConsoleAppTopshelf.SampleServicename2018-05-24 08:39:43,038 [5] DEBUG ConsoleAppTopshelf.SampleService - Tick:8:39:43
 ConsoleAppTopshelf.SampleServicename2018-05-24 08:39:48,039 [8] DEBUG ConsoleAppTopshelf.SampleService - Tick:8:39:48
 ConsoleAppTopshelf.SampleServicename2018-05-24 08:39:53,039 [5] DEBUG ConsoleAppTopshelf.SampleService - Tick:8:39:53
 ConsoleAppTopshelf.SampleServicename2018-05-24 08:39:58,039 [8] DEBUG ConsoleAppTopshelf.SampleService - Tick:8:39:58
 ConsoleAppTopshelf.SampleServicename2018-05-24 08:40:03,040 [5] DEBUG ConsoleAppTopshelf.SampleService - Tick:8:40:03
 ConsoleAppTopshelf.SampleServicename2018-05-24 08:40:08,040 [8] DEBUG ConsoleAppTopshelf.SampleService - Tick:8:40:08
 ConsoleAppTopshelf.SampleServicename2018-05-24 08:40:13,041 [5] DEBUG ConsoleAppTopshelf.SampleService - Tick:8:40:13
 ConsoleAppTopshelf.SampleServicename2018-05-24 08:40:18,041 [8] DEBUG ConsoleAppTopshelf.SampleService - Tick:8:40:18
 ConsoleAppTopshelf.SampleServicename2018-05-24 08:40:23,041 [5] DEBUG ConsoleAppTopshelf.SampleService - Tick:8:40:23
 ConsoleAppTopshelf.SampleServicename2018-05-24 08:40:28,043 [8] DEBUG ConsoleAppTopshelf.SampleService - Tick:8:40:28
 ConsoleAppTopshelf.SampleServicename2018-05-24 08:40:33,043 [5] DEBUG ConsoleAppTopshelf.SampleService - Tick:8:40:33
 ConsoleAppTopshelf.SampleServicename2018-05-24 08:40:38,044 [8] DEBUG ConsoleAppTopshelf.SampleService - Tick:8:40:38
 ConsoleAppTopshelf.SampleServicename2018-05-24 08:40:43,044 [5] DEBUG ConsoleAppTopshelf.SampleService - Tick:8:40:43
 ConsoleAppTopshelf.SampleServicename2018-05-24 08:40:48,045 [8] DEBUG ConsoleAppTopshelf.SampleService - Tick:8:40:48
 ConsoleAppTopshelf.SampleServicename2018-05-24 08:40:53,046 [5] DEBUG ConsoleAppTopshelf.SampleService - Tick:8:40:53
 ConsoleAppTopshelf.SampleServicename2018-05-24 08:40:58,047 [8] DEBUG ConsoleAppTopshelf.SampleService - Tick:8:40:58
 ConsoleAppTopshelf.SampleServicename2018-05-24 08:41:03,048 [5] DEBUG ConsoleAppTopshelf.SampleService - Tick:8:41:03
 ConsoleAppTopshelf.SampleServicename2018-05-24 08:41:08,049 [8] DEBUG ConsoleAppTopshelf.SampleService - Tick:8:41:08
 ConsoleAppTopshelf.SampleServicename2018-05-24 08:41:13,049 [5] DEBUG ConsoleAppTopshelf.SampleService - Tick:8:41:13
 ConsoleAppTopshelf.SampleServicename2018-05-24 08:41:18,050 [8] DEBUG ConsoleAppTopshelf.SampleService - Tick:8:41:18
 ConsoleAppTopshelf.SampleServicename2018-05-24 08:41:23,051 [5] DEBUG ConsoleAppTopshelf.SampleService - Tick:8:41:23
 ConsoleAppTopshelf.SampleServicename2018-05-24 08:41:28,052 [8] DEBUG ConsoleAppTopshelf.SampleService - Tick:8:41:28
 ConsoleAppTopshelf.SampleServicename2018-05-24 08:41:33,054 [5] DEBUG ConsoleAppTopshelf.SampleService - Tick:8:41:33
 ConsoleAppTopshelf.SampleServicename2018-05-24 08:41:38,054 [8] DEBUG ConsoleAppTopshelf.SampleService - Tick:8:41:38
 ConsoleAppTopshelf.SampleServicename2018-05-24 08:41:43,055 [5] DEBUG ConsoleAppTopshelf.SampleService - Tick:8:41:43
 ConsoleAppTopshelf.SampleServicename2018-05-24 08:41:48,055 [8] DEBUG ConsoleAppTopshelf.SampleService - Tick:8:41:48
 ConsoleAppTopshelf.SampleServicename2018-05-24 08:41:53,055 [5] DEBUG ConsoleAppTopshelf.SampleService - Tick:8:41:53
 ConsoleAppTopshelf.SampleServicename2018-05-24 08:41:58,056 [8] DEBUG ConsoleAppTopshelf.SampleService - Tick:8:41:58
 ConsoleAppTopshelf.SampleServicename2018-05-24 08:42:03,057 [5] DEBUG ConsoleAppTopshelf.SampleService - Tick:8:42:03
 ConsoleAppTopshelf.SampleServicename2018-05-24 08:42:08,057 [8] DEBUG ConsoleAppTopshelf.SampleService - Tick:8:42:08
 ConsoleAppTopshelf.SampleServicename2018-05-24 08:42:13,058 [5] DEBUG ConsoleAppTopshelf.SampleService - Tick:8:42:13
 ConsoleAppTopshelf.SampleServicename2018-05-24 08:42:18,059 [8] DEBUG ConsoleAppTopshelf.SampleService - Tick:8:42:18
 ConsoleAppTopshelf.SampleServicename2018-05-24 08:42:23,060 [5] DEBUG ConsoleAppTopshelf.SampleService - Tick:8:42:23
 ConsoleAppTopshelf.SampleServicename2018-05-24 08:42:28,060 [8] DEBUG ConsoleAppTopshelf.SampleService - Tick:8:42:28
 ConsoleAppTopshelf.SampleServicename2018-05-24 08:42:33,060 [5] DEBUG ConsoleAppTopshelf.SampleService - Tick:8:42:33
 ConsoleAppTopshelf.SampleServicename2018-05-24 08:42:38,061 [8] DEBUG ConsoleAppTopshelf.SampleService - Tick:8:42:38
 ConsoleAppTopshelf.SampleServicename2018-05-24 08:42:43,062 [5] DEBUG ConsoleAppTopshelf.SampleService - Tick:8:42:43
 ConsoleAppTopshelf.SampleServicename2018-05-24 08:42:48,063 [8] DEBUG ConsoleAppTopshelf.SampleService - Tick:8:42:48
 ConsoleAppTopshelf.SampleServicename2018-05-24 08:42:53,063 [5] DEBUG ConsoleAppTopshelf.SampleService - Tick:8:42:53
 ConsoleAppTopshelf.SampleServicename2018-05-24 08:42:58,064 [8] DEBUG ConsoleAppTopshelf.SampleService - Tick:8:42:58
 ConsoleAppTopshelf.SampleServicename2018-05-24 08:43:03,065 [5] DEBUG ConsoleAppTopshelf.SampleService - Tick:8:43:03
 ConsoleAppTopshelf.SampleServicename2018-05-24 08:43:08,066 [8] DEBUG ConsoleAppTopshelf.SampleService - Tick:8:43:08
 ConsoleAppTopshelf.SampleServicename2018-05-24 08:43:13,067 [5] DEBUG ConsoleAppTopshelf.SampleService - Tick:8:43:13
 ConsoleAppTopshelf.SampleServicename2018-05-24 08:43:18,067 [8] DEBUG ConsoleAppTopshelf.SampleService - Tick:8:43:18
 ConsoleAppTopshelf.SampleServicename2018-05-24 08:43:23,068 [5] DEBUG ConsoleAppTopshelf.SampleService - Tick:8:43:23
 ConsoleAppTopshelf.SampleServicename2018-05-24 08:43:28,068 [8] DEBUG ConsoleAppTopshelf.SampleService - Tick:8:43:28
 ConsoleAppTopshelf.SampleServicename2018-05-24 08:43:33,068 [5] DEBUG ConsoleAppTopshelf.SampleService - Tick:8:43:33
 ConsoleAppTopshelf.SampleServicename2018-05-24 08:43:38,069 [8] DEBUG ConsoleAppTopshelf.SampleService - Tick:8:43:38
 ConsoleAppTopshelf.SampleServicename2018-05-24 08:43:43,069 [5] DEBUG ConsoleAppTopshelf.SampleService - Tick:8:43:43
 ConsoleAppTopshelf.SampleServicename2018-05-24 08:43:48,070 [8] DEBUG ConsoleAppTopshelf.SampleService - Tick:8:43:48
 ConsoleAppTopshelf.SampleServicename2018-05-24 08:43:53,071 [5] DEBUG ConsoleAppTopshelf.SampleService - Tick:8:43:53
 ConsoleAppTopshelf.SampleServicename2018-05-24 08:43:58,071 [8] DEBUG ConsoleAppTopshelf.SampleService - Tick:8:43:58
 ConsoleAppTopshelf.SampleServicename2018-05-24 08:44:03,072 [5] DEBUG ConsoleAppTopshelf.SampleService - Tick:8:44:03
 ConsoleAppTopshelf.SampleServicename2018-05-24 08:44:08,072 [8] DEBUG ConsoleAppTopshelf.SampleService - Tick:8:44:08
 ConsoleAppTopshelf.SampleServicename2018-05-24 08:44:13,073 [5] DEBUG ConsoleAppTopshelf.SampleService - Tick:8:44:13
 ConsoleAppTopshelf.SampleServicename2018-05-24 08:44:18,073 [8] DEBUG ConsoleAppTopshelf.SampleService - Tick:8:44:18
 ConsoleAppTopshelf.SampleServicename2018-05-24 08:44:23,074 [5] DEBUG ConsoleAppTopshelf.SampleService - Tick:8:44:23
 ConsoleAppTopshelf.SampleServicename2018-05-24 08:44:28,074 [8] DEBUG ConsoleAppTopshelf.SampleService - Tick:8:44:28
 ConsoleAppTopshelf.SampleServicename2018-05-24 08:44:33,074 [5] DEBUG ConsoleAppTopshelf.SampleService - Tick:8:44:33
 ConsoleAppTopshelf.SampleServicename2018-05-24 08:44:38,075 [8] DEBUG ConsoleAppTopshelf.SampleService - Tick:8:44:38
 ConsoleAppTopshelf.SampleServicename2018-05-24 08:44:43,075 [5] DEBUG ConsoleAppTopshelf.SampleService - Tick:8:44:43
 ConsoleAppTopshelf.SampleServicename2018-05-24 08:44:48,077 [8] DEBUG ConsoleAppTopshelf.SampleService - Tick:8:44:48
 ConsoleAppTopshelf.SampleServicename2018-05-24 08:44:53,077 [5] DEBUG ConsoleAppTopshelf.SampleService - Tick:8:44:53
 ConsoleAppTopshelf.SampleServicename2018-05-24 08:44:58,078 [8] DEBUG ConsoleAppTopshelf.SampleService - Tick:8:44:58
 ConsoleAppTopshelf.SampleServicename2018-05-24 08:45:03,078 [8] DEBUG ConsoleAppTopshelf.SampleService - Tick:8:45:03
 ConsoleAppTopshelf.SampleServicename2018-05-24 08:45:08,079 [5] DEBUG ConsoleAppTopshelf.SampleService - Tick:8:45:08
 ConsoleAppTopshelf.SampleServicename2018-05-24 08:45:13,080 [8] DEBUG ConsoleAppTopshelf.SampleService - Tick:8:45:13
 ConsoleAppTopshelf.SampleServicename2018-05-24 08:45:18,080 [5] DEBUG ConsoleAppTopshelf.SampleService - Tick:8:45:18
 ConsoleAppTopshelf.SampleServicename2018-05-24 08:45:23,080 [8] DEBUG ConsoleAppTopshelf.SampleService - Tick:8:45:23
 ConsoleAppTopshelf.SampleServicename2018-05-24 08:45:28,081 [5] DEBUG ConsoleAppTopshelf.SampleService - Tick:8:45:28
 ConsoleAppTopshelf.SampleServicename2018-05-24 08:45:33,081 [8] DEBUG ConsoleAppTopshelf.SampleService - Tick:8:45:33
 ConsoleAppTopshelf.SampleServicename2018-05-24 08:45:38,082 [5] DEBUG ConsoleAppTopshelf.SampleService - Tick:8:45:38
 ConsoleAppTopshelf.SampleServicename2018-05-24 08:45:43,083 [8] DEBUG ConsoleAppTopshelf.SampleService - Tick:8:45:43
 ConsoleAppTopshelf.SampleServicename2018-05-24 08:45:48,083 [5] DEBUG ConsoleAppTopshelf.SampleService - Tick:8:45:48
 ConsoleAppTopshelf.SampleServicename2018-05-24 08:45:53,084 [8] DEBUG ConsoleAppTopshelf.SampleService - Tick:8:45:53
 ConsoleAppTopshelf.SampleServicename2018-05-24 08:45:58,084 [5] DEBUG ConsoleAppTopshelf.SampleService - Tick:8:45:58
 ConsoleAppTopshelf.SampleServicename2018-05-24 08:46:03,085 [8] DEBUG ConsoleAppTopshelf.SampleService - Tick:8:46:03
 ConsoleAppTopshelf.SampleServicename2018-05-24 08:46:08,086 [5] DEBUG ConsoleAppTopshelf.SampleService - Tick:8:46:08
 ConsoleAppTopshelf.SampleServicename2018-05-24 08:46:13,087 [8] DEBUG ConsoleAppTopshelf.SampleService - Tick:8:46:13
 ConsoleAppTopshelf.SampleServicename2018-05-24 08:46:18,087 [5] DEBUG ConsoleAppTopshelf.SampleService - Tick:8:46:18
 ConsoleAppTopshelf.SampleServicename2018-05-24 08:46:23,088 [8] DEBUG ConsoleAppTopshelf.SampleService - Tick:8:46:23
 ConsoleAppTopshelf.SampleServicename2018-05-24 08:46:28,089 [5] DEBUG ConsoleAppTopshelf.SampleService - Tick:8:46:28
 ConsoleAppTopshelf.SampleServicename2018-05-24 08:46:33,090 [8] DEBUG ConsoleAppTopshelf.SampleService - Tick:8:46:33
 ConsoleAppTopshelf.SampleServicename2018-05-24 08:46:38,091 [5] DEBUG ConsoleAppTopshelf.SampleService - Tick:8:46:38
 ConsoleAppTopshelf.SampleServicename2018-05-24 08:46:43,092 [8] DEBUG ConsoleAppTopshelf.SampleService - Tick:8:46:43
 ConsoleAppTopshelf.SampleServicename2018-05-24 08:46:48,092 [5] DEBUG ConsoleAppTopshelf.SampleService - Tick:8:46:48
 ConsoleAppTopshelf.SampleServicename2018-05-24 08:46:53,093 [8] DEBUG ConsoleAppTopshelf.SampleService - Tick:8:46:53
 ConsoleAppTopshelf.SampleServicename2018-05-24 08:46:58,093 [5] DEBUG ConsoleAppTopshelf.SampleService - Tick:8:46:58
 ConsoleAppTopshelf.SampleServicename2018-05-24 08:47:03,094 [8] DEBUG ConsoleAppTopshelf.SampleService - Tick:8:47:03
 ConsoleAppTopshelf.SampleServicename2018-05-24 08:47:08,094 [5] DEBUG ConsoleAppTopshelf.SampleService - Tick:8:47:08
 ConsoleAppTopshelf.SampleServicename2018-05-24 08:47:13,096 [8] DEBUG ConsoleAppTopshelf.SampleService - Tick:8:47:13
 ConsoleAppTopshelf.SampleServicename2018-05-24 08:47:18,096 [5] DEBUG ConsoleAppTopshelf.SampleService - Tick:8:47:18
 ConsoleAppTopshelf.SampleServicename2018-05-24 08:47:23,097 [8] DEBUG ConsoleAppTopshelf.SampleService - Tick:8:47:23
 ConsoleAppTopshelf.SampleServicename2018-05-24 08:47:28,097 [5] DEBUG ConsoleAppTopshelf.SampleService - Tick:8:47:28
 ConsoleAppTopshelf.SampleServicename2018-05-24 08:47:33,098 [8] DEBUG ConsoleAppTopshelf.SampleService - Tick:8:47:33
 ConsoleAppTopshelf.SampleServicename2018-05-24 08:47:38,099 [5] DEBUG ConsoleAppTopshelf.SampleService - Tick:8:47:38
 ConsoleAppTopshelf.SampleServicename2018-05-24 08:47:43,100 [8] DEBUG ConsoleAppTopshelf.SampleService - Tick:8:47:43
 ConsoleAppTopshelf.SampleServicename2018-05-24 08:47:48,101 [5] DEBUG ConsoleAppTopshelf.SampleService - Tick:8:47:48
 ConsoleAppTopshelf.SampleServicename2018-05-24 08:47:53,102 [8] DEBUG ConsoleAppTopshelf.SampleService - Tick:8:47:53
 ConsoleAppTopshelf.SampleServicename2018-05-24 08:47:58,103 [5] DEBUG ConsoleAppTopshelf.SampleService - Tick:8:47:58
 ConsoleAppTopshelf.SampleServicename2018-05-24 08:48:03,103 [8] DEBUG ConsoleAppTopshelf.SampleService - Tick:8:48:03
 ConsoleAppTopshelf.SampleServicename2018-05-24 08:48:08,104 [5] DEBUG ConsoleAppTopshelf.SampleService - Tick:8:48:08
 ConsoleAppTopshelf.SampleServicename2018-05-24 08:48:13,104 [8] DEBUG ConsoleAppTopshelf.SampleService - Tick:8:48:13
 ConsoleAppTopshelf.SampleServicename2018-05-24 08:48:18,106 [5] DEBUG ConsoleAppTopshelf.SampleService - Tick:8:48:18
 ConsoleAppTopshelf.SampleServicename2018-05-24 08:48:23,106 [8] DEBUG ConsoleAppTopshelf.SampleService - Tick:8:48:23
 ConsoleAppTopshelf.SampleServicename2018-05-24 08:48:28,107 [5] DEBUG ConsoleAppTopshelf.SampleService - Tick:8:48:28
 ConsoleAppTopshelf.SampleServicename2018-05-24 08:48:33,120 [8] DEBUG ConsoleAppTopshelf.SampleService - Tick:8:48:33
 ConsoleAppTopshelf.SampleServicename2018-05-24 08:48:38,122 [5] DEBUG ConsoleAppTopshelf.SampleService - Tick:8:48:38
 ConsoleAppTopshelf.SampleServicename2018-05-24 08:48:43,122 [8] DEBUG ConsoleAppTopshelf.SampleService - Tick:8:48:43
 ConsoleAppTopshelf.SampleServicename2018-05-24 08:48:48,123 [5] DEBUG ConsoleAppTopshelf.SampleService - Tick:8:48:48
 ConsoleAppTopshelf.SampleServicename2018-05-24 08:48:53,123 [8] DEBUG ConsoleAppTopshelf.SampleService - Tick:8:48:53
 ConsoleAppTopshelf.SampleServicename2018-05-24 08:48:58,124 [5] DEBUG ConsoleAppTopshelf.SampleService - Tick:8:48:58
 ConsoleAppTopshelf.SampleServicename2018-05-24 08:49:03,125 [8] DEBUG ConsoleAppTopshelf.SampleService - Tick:8:49:03
 ConsoleAppTopshelf.SampleServicename2018-05-24 08:49:08,126 [5] DEBUG ConsoleAppTopshelf.SampleService - Tick:8:49:08
 ConsoleAppTopshelf.SampleServicename2018-05-24 08:49:13,127 [8] DEBUG ConsoleAppTopshelf.SampleService - Tick:8:49:13
 ConsoleAppTopshelf.SampleServicename2018-05-24 08:49:18,128 [5] DEBUG ConsoleAppTopshelf.SampleService - Tick:8:49:18
 ConsoleAppTopshelf.SampleServicename2018-05-24 08:49:23,128 [8] DEBUG ConsoleAppTopshelf.SampleService - Tick:8:49:23
 ConsoleAppTopshelf.SampleServicename2018-05-24 08:49:28,129 [5] DEBUG ConsoleAppTopshelf.SampleService - Tick:8:49:28
 ConsoleAppTopshelf.SampleServicename2018-05-24 08:49:33,129 [8] DEBUG ConsoleAppTopshelf.SampleService - Tick:8:49:33
 ConsoleAppTopshelf.SampleServicename2018-05-24 08:49:38,131 [5] DEBUG ConsoleAppTopshelf.SampleService - Tick:8:49:38
 ConsoleAppTopshelf.SampleServicename2018-05-24 08:49:43,131 [8] DEBUG ConsoleAppTopshelf.SampleService - Tick:8:49:43
 ConsoleAppTopshelf.SampleServicename2018-05-24 08:49:48,132 [5] DEBUG ConsoleAppTopshelf.SampleService - Tick:8:49:48
 ConsoleAppTopshelf.SampleServicename2018-05-24 08:49:53,133 [8] DEBUG ConsoleAppTopshelf.SampleService - Tick:8:49:53
 ConsoleAppTopshelf.SampleServicename2018-05-24 08:49:58,133 [5] DEBUG ConsoleAppTopshelf.SampleService - Tick:8:49:58
 ConsoleAppTopshelf.SampleServicename2018-05-24 08:50:03,134 [8] DEBUG ConsoleAppTopshelf.SampleService - Tick:8:50:03
 ConsoleAppTopshelf.SampleServicename2018-05-24 08:50:08,135 [5] DEBUG ConsoleAppTopshelf.SampleService - Tick:8:50:08
 ConsoleAppTopshelf.SampleServicename2018-05-24 08:50:13,136 [8] DEBUG ConsoleAppTopshelf.SampleService - Tick:8:50:13
 ConsoleAppTopshelf.SampleServicename2018-05-24 08:50:18,137 [5] DEBUG ConsoleAppTopshelf.SampleService - Tick:8:50:18
 ConsoleAppTopshelf.SampleServicename2018-05-24 08:50:23,137 [8] DEBUG ConsoleAppTopshelf.SampleService - Tick:8:50:23
 ConsoleAppTopshelf.SampleServicename2018-05-24 08:50:28,139 [5] DEBUG ConsoleAppTopshelf.SampleService - Tick:8:50:28
 ConsoleAppTopshelf.SampleServicename2018-05-24 08:50:33,140 [8] DEBUG ConsoleAppTopshelf.SampleService - Tick:8:50:33
 ConsoleAppTopshelf.SampleServicename2018-05-24 08:50:38,141 [5] DEBUG ConsoleAppTopshelf.SampleService - Tick:8:50:38
 ConsoleAppTopshelf.SampleServicename2018-05-24 08:50:43,142 [8] DEBUG ConsoleAppTopshelf.SampleService - Tick:8:50:43
 ConsoleAppTopshelf.SampleServicename2018-05-24 08:50:48,144 [5] DEBUG ConsoleAppTopshelf.SampleService - Tick:8:50:48
 ConsoleAppTopshelf.SampleServicename2018-05-24 08:50:53,144 [8] DEBUG ConsoleAppTopshelf.SampleService - Tick:8:50:53
 ConsoleAppTopshelf.SampleServicename2018-05-24 08:50:58,145 [5] DEBUG ConsoleAppTopshelf.SampleService - Tick:8:50:58
 ConsoleAppTopshelf.SampleServicename2018-05-24 08:51:03,145 [8] DEBUG ConsoleAppTopshelf.SampleService - Tick:8:51:03
 ConsoleAppTopshelf.SampleServicename2018-05-24 08:51:08,146 [5] DEBUG ConsoleAppTopshelf.SampleService - Tick:8:51:08
 ConsoleAppTopshelf.SampleServicename2018-05-24 08:51:13,147 [8] DEBUG ConsoleAppTopshelf.SampleService - Tick:8:51:13
 ConsoleAppTopshelf.SampleServicename2018-05-24 08:51:18,148 [5] DEBUG ConsoleAppTopshelf.SampleService - Tick:8:51:18
 ConsoleAppTopshelf.SampleServicename2018-05-24 08:51:23,149 [8] DEBUG ConsoleAppTopshelf.SampleService - Tick:8:51:23
 ConsoleAppTopshelf.SampleServicename2018-05-24 08:51:28,149 [5] DEBUG ConsoleAppTopshelf.SampleService - Tick:8:51:28
 ConsoleAppTopshelf.SampleServicename2018-05-24 08:51:33,150 [8] DEBUG ConsoleAppTopshelf.SampleService - Tick:8:51:33
 ConsoleAppTopshelf.SampleServicename2018-05-24 08:51:38,151 [5] DEBUG ConsoleAppTopshelf.SampleService - Tick:8:51:38
 ConsoleAppTopshelf.SampleServicename2018-05-24 08:51:43,159 [8] DEBUG ConsoleAppTopshelf.SampleService - Tick:8:51:43
 ConsoleAppTopshelf.SampleServicename2018-05-24 08:51:48,160 [5] DEBUG ConsoleAppTopshelf.SampleService - Tick:8:51:48
 ConsoleAppTopshelf.SampleServicename2018-05-24 08:51:53,160 [8] DEBUG ConsoleAppTopshelf.SampleService - Tick:8:51:53
 ConsoleAppTopshelf.SampleServicename2018-05-24 08:51:58,161 [5] DEBUG ConsoleAppTopshelf.SampleService - Tick:8:51:58
 ConsoleAppTopshelf.SampleServicename2018-05-24 08:52:03,162 [8] DEBUG ConsoleAppTopshelf.SampleService - Tick:8:52:03
 ConsoleAppTopshelf.SampleServicename2018-05-24 08:52:08,162 [5] DEBUG ConsoleAppTopshelf.SampleService - Tick:8:52:08
 ConsoleAppTopshelf.SampleServicename2018-05-24 08:52:13,162 [8] DEBUG ConsoleAppTopshelf.SampleService - Tick:8:52:13
 ConsoleAppTopshelf.SampleServicename2018-05-24 08:52:18,163 [5] DEBUG ConsoleAppTopshelf.SampleService - Tick:8:52:18
 ConsoleAppTopshelf.SampleServicename2018-05-24 08:52:23,164 [8] DEBUG ConsoleAppTopshelf.SampleService - Tick:8:52:23
 ConsoleAppTopshelf.SampleServicename2018-05-24 08:52:28,164 [5] DEBUG ConsoleAppTopshelf.SampleService - Tick:8:52:28
 ConsoleAppTopshelf.SampleServicename2018-05-24 08:52:33,165 [8] DEBUG ConsoleAppTopshelf.SampleService - Tick:8:52:33
 ConsoleAppTopshelf.SampleServicename2018-05-24 08:52:38,166 [5] DEBUG ConsoleAppTopshelf.SampleService - Tick:8:52:38
 ConsoleAppTopshelf.SampleServicename2018-05-24 08:52:43,167 [8] DEBUG ConsoleAppTopshelf.SampleService - Tick:8:52:43
 ConsoleAppTopshelf.SampleServicename2018-05-24 08:52:48,168 [5] DEBUG ConsoleAppTopshelf.SampleService - Tick:8:52:48
 ConsoleAppTopshelf.SampleServicename2018-05-24 08:52:53,169 [8] DEBUG ConsoleAppTopshelf.SampleService - Tick:8:52:53
 ConsoleAppTopshelf.SampleServicename2018-05-24 08:52:58,169 [5] DEBUG ConsoleAppTopshelf.SampleService - Tick:8:52:58
 ConsoleAppTopshelf.SampleServicename2018-05-24 08:53:03,169 [8] DEBUG ConsoleAppTopshelf.SampleService - Tick:8:53:03
 ConsoleAppTopshelf.SampleServicename2018-05-24 08:53:08,169 [5] DEBUG ConsoleAppTopshelf.SampleService - Tick:8:53:08
 ConsoleAppTopshelf.SampleServicename2018-05-24 08:53:13,170 [8] DEBUG ConsoleAppTopshelf.SampleService - Tick:8:53:13
 ConsoleAppTopshelf.SampleServicename2018-05-24 08:53:18,171 [5] DEBUG ConsoleAppTopshelf.SampleService - Tick:8:53:18
 ConsoleAppTopshelf.SampleServicename2018-05-24 08:53:23,171 [8] DEBUG ConsoleAppTopshelf.SampleService - Tick:8:53:23
 ConsoleAppTopshelf.SampleServicename2018-05-24 08:53:28,172 [5] DEBUG ConsoleAppTopshelf.SampleService - Tick:8:53:28
 ConsoleAppTopshelf.SampleServicename2018-05-24 08:53:33,172 [8] DEBUG ConsoleAppTopshelf.SampleService - Tick:8:53:33
 ConsoleAppTopshelf.SampleServicename2018-05-24 08:53:38,172 [5] DEBUG ConsoleAppTopshelf.SampleService - Tick:8:53:38
 ConsoleAppTopshelf.SampleServicename2018-05-24 08:53:43,174 [8] DEBUG ConsoleAppTopshelf.SampleService - Tick:8:53:43
 ConsoleAppTopshelf.SampleServicename2018-05-24 08:53:48,175 [5] DEBUG ConsoleAppTopshelf.SampleService - Tick:8:53:48
 ConsoleAppTopshelf.SampleServicename2018-05-24 08:53:53,175 [5] DEBUG ConsoleAppTopshelf.SampleService - Tick:8:53:53
 ConsoleAppTopshelf.SampleServicename2018-05-24 08:53:58,176 [8] DEBUG ConsoleAppTopshelf.SampleService - Tick:8:53:58
 ConsoleAppTopshelf.SampleServicename2018-05-24 08:54:03,177 [5] DEBUG ConsoleAppTopshelf.SampleService - Tick:8:54:03
 ConsoleAppTopshelf.SampleServicename2018-05-24 08:54:08,178 [8] DEBUG ConsoleAppTopshelf.SampleService - Tick:8:54:08
 ConsoleAppTopshelf.SampleServicename2018-05-24 08:54:13,180 [5] DEBUG ConsoleAppTopshelf.SampleService - Tick:8:54:13
 ConsoleAppTopshelf.SampleServicename2018-05-24 08:54:18,180 [8] DEBUG ConsoleAppTopshelf.SampleService - Tick:8:54:18
 ConsoleAppTopshelf.SampleServicename2018-05-24 08:54:23,181 [5] DEBUG ConsoleAppTopshelf.SampleService - Tick:8:54:23
 ConsoleAppTopshelf.SampleServicename2018-05-24 08:54:28,181 [8] DEBUG ConsoleAppTopshelf.SampleService - Tick:8:54:28
 ConsoleAppTopshelf.SampleServicename2018-05-24 08:54:33,182 [5] DEBUG ConsoleAppTopshelf.SampleService - Tick:8:54:33
 ConsoleAppTopshelf.SampleServicename2018-05-24 08:54:38,183 [8] DEBUG ConsoleAppTopshelf.SampleService - Tick:8:54:38
 ConsoleAppTopshelf.SampleServicename2018-05-24 08:54:43,184 [5] DEBUG ConsoleAppTopshelf.SampleService - Tick:8:54:43
 ConsoleAppTopshelf.SampleServicename2018-05-24 08:54:48,185 [8] DEBUG ConsoleAppTopshelf.SampleService - Tick:8:54:48
 ConsoleAppTopshelf.SampleServicename2018-05-24 08:54:53,186 [5] DEBUG ConsoleAppTopshelf.SampleService - Tick:8:54:53
 ConsoleAppTopshelf.SampleServicename2018-05-24 08:54:58,187 [8] DEBUG ConsoleAppTopshelf.SampleService - Tick:8:54:58
 ConsoleAppTopshelf.SampleServicename2018-05-24 08:55:03,188 [5] DEBUG ConsoleAppTopshelf.SampleService - Tick:8:55:03
 ConsoleAppTopshelf.SampleServicename2018-05-24 08:55:08,188 [8] DEBUG ConsoleAppTopshelf.SampleService - Tick:8:55:08
 ConsoleAppTopshelf.SampleServicename2018-05-24 08:55:13,189 [5] DEBUG ConsoleAppTopshelf.SampleService - Tick:8:55:13
 ConsoleAppTopshelf.SampleServicename2018-05-24 08:55:18,189 [8] DEBUG ConsoleAppTopshelf.SampleService - Tick:8:55:18
 ConsoleAppTopshelf.SampleServicename2018-05-24 08:55:23,189 [5] DEBUG ConsoleAppTopshelf.SampleService - Tick:8:55:23
 ConsoleAppTopshelf.SampleServicename2018-05-24 08:55:28,191 [8] DEBUG ConsoleAppTopshelf.SampleService - Tick:8:55:28
 ConsoleAppTopshelf.SampleServicename2018-05-24 08:55:33,192 [5] DEBUG ConsoleAppTopshelf.SampleService - Tick:8:55:33
 ConsoleAppTopshelf.SampleServicename2018-05-24 08:55:38,193 [8] DEBUG ConsoleAppTopshelf.SampleService - Tick:8:55:38
 ConsoleAppTopshelf.SampleServicename2018-05-24 08:55:43,193 [5] DEBUG ConsoleAppTopshelf.SampleService - Tick:8:55:43
 ConsoleAppTopshelf.SampleServicename2018-05-24 08:55:48,194 [8] DEBUG ConsoleAppTopshelf.SampleService - Tick:8:55:48
 ConsoleAppTopshelf.SampleServicename2018-05-24 08:55:53,194 [5] DEBUG ConsoleAppTopshelf.SampleService - Tick:8:55:53
 ConsoleAppTopshelf.SampleServicename2018-05-24 08:55:58,195 [8] DEBUG ConsoleAppTopshelf.SampleService - Tick:8:55:58
 ConsoleAppTopshelf.SampleServicename2018-05-24 08:56:03,195 [5] DEBUG ConsoleAppTopshelf.SampleService - Tick:8:56:03
 ConsoleAppTopshelf.SampleServicename2018-05-24 08:56:08,196 [8] DEBUG ConsoleAppTopshelf.SampleService - Tick:8:56:08
 ConsoleAppTopshelf.SampleServicename2018-05-24 08:56:13,196 [5] DEBUG ConsoleAppTopshelf.SampleService - Tick:8:56:13
 ConsoleAppTopshelf.SampleServicename2018-05-24 08:56:18,200 [8] DEBUG ConsoleAppTopshelf.SampleService - Tick:8:56:18
 ConsoleAppTopshelf.SampleServicename2018-05-24 08:56:23,201 [5] DEBUG ConsoleAppTopshelf.SampleService - Tick:8:56:23
 ConsoleAppTopshelf.SampleServicename2018-05-24 08:56:28,202 [8] DEBUG ConsoleAppTopshelf.SampleService - Tick:8:56:28
 ConsoleAppTopshelf.SampleServicename2018-05-24 08:56:33,202 [5] DEBUG ConsoleAppTopshelf.SampleService - Tick:8:56:33
 ConsoleAppTopshelf.SampleServicename2018-05-24 08:56:38,203 [8] DEBUG ConsoleAppTopshelf.SampleService - Tick:8:56:38
 ConsoleAppTopshelf.SampleServicename2018-05-24 08:56:43,203 [5] DEBUG ConsoleAppTopshelf.SampleService - Tick:8:56:43
 ConsoleAppTopshelf.SampleServicename2018-05-24 08:56:48,204 [8] DEBUG ConsoleAppTopshelf.SampleService - Tick:8:56:48
 ConsoleAppTopshelf.SampleServicename2018-05-24 08:56:53,204 [5] DEBUG ConsoleAppTopshelf.SampleService - Tick:8:56:53
 ConsoleAppTopshelf.SampleServicename2018-05-24 08:56:58,206 [8] DEBUG ConsoleAppTopshelf.SampleService - Tick:8:56:58
 ConsoleAppTopshelf.SampleServicename2018-05-24 08:57:03,207 [5] DEBUG ConsoleAppTopshelf.SampleService - Tick:8:57:03
 ConsoleAppTopshelf.SampleServicename2018-05-24 08:57:08,082 [8] INFO  ConsoleAppTopshelf.SampleService - SampleService is Stopped
 ConsoleAppTopshelf.SampleServicename2018-05-24 08:57:51,199 [5] INFO  ConsoleAppTopshelf.SampleService - SampleService is Started
 ConsoleAppTopshelf.SampleServicename2018-05-24 08:57:56,226 [5] DEBUG ConsoleAppTopshelf.SampleService - Tick:8:57:56
 ConsoleAppTopshelf.SampleServicename2018-05-24 08:58:01,217 [5] DEBUG ConsoleAppTopshelf.SampleService - Tick:8:58:01
 ConsoleAppTopshelf.SampleServicename2018-05-24 08:58:06,218 [6] DEBUG ConsoleAppTopshelf.SampleService - Tick:8:58:06
 ConsoleAppTopshelf.SampleServicename2018-05-24 08:58:11,218 [5] DEBUG ConsoleAppTopshelf.SampleService - Tick:8:58:11
 ConsoleAppTopshelf.SampleServicename2018-05-24 08:58:16,219 [6] DEBUG ConsoleAppTopshelf.SampleService - Tick:8:58:16
 ConsoleAppTopshelf.SampleServicename2018-05-24 08:58:21,219 [5] DEBUG ConsoleAppTopshelf.SampleService - Tick:8:58:21
 ConsoleAppTopshelf.SampleServicename2018-05-24 08:58:26,220 [6] DEBUG ConsoleAppTopshelf.SampleService - Tick:8:58:26
 ConsoleAppTopshelf.SampleServicename2018-05-24 08:58:31,220 [5] DEBUG ConsoleAppTopshelf.SampleService - Tick:8:58:31
 ConsoleAppTopshelf.SampleServicename2018-05-24 08:58:36,221 [6] DEBUG ConsoleAppTopshelf.SampleService - Tick:8:58:36
 ConsoleAppTopshelf.SampleServicename2018-05-24 08:58:41,222 [5] DEBUG ConsoleAppTopshelf.SampleService - Tick:8:58:41
 ConsoleAppTopshelf.SampleServicename2018-05-24 08:58:46,222 [6] DEBUG ConsoleAppTopshelf.SampleService - Tick:8:58:46
 ConsoleAppTopshelf.SampleServicename2018-05-24 08:58:51,223 [5] DEBUG ConsoleAppTopshelf.SampleService - Tick:8:58:51
 ConsoleAppTopshelf.SampleServicename2018-05-24 08:58:56,223 [6] DEBUG ConsoleAppTopshelf.SampleService - Tick:8:58:56
 ConsoleAppTopshelf.SampleServicename2018-05-24 08:59:01,224 [5] DEBUG ConsoleAppTopshelf.SampleService - Tick:8:59:01
 ConsoleAppTopshelf.SampleServicename2018-05-24 08:59:06,224 [6] DEBUG ConsoleAppTopshelf.SampleService - Tick:8:59:06
 ConsoleAppTopshelf.SampleServicename2018-05-24 08:59:11,224 [5] DEBUG ConsoleAppTopshelf.SampleService - Tick:8:59:11
 ConsoleAppTopshelf.SampleServicename2018-05-24 08:59:16,226 [6] DEBUG ConsoleAppTopshelf.SampleService - Tick:8:59:16
 ConsoleAppTopshelf.SampleServicename2018-05-24 08:59:21,226 [5] DEBUG ConsoleAppTopshelf.SampleService - Tick:8:59:21
 ConsoleAppTopshelf.SampleServicename2018-05-24 08:59:26,227 [6] DEBUG ConsoleAppTopshelf.SampleService - Tick:8:59:26
 ConsoleAppTopshelf.SampleServicename2018-05-24 08:59:31,228 [5] DEBUG ConsoleAppTopshelf.SampleService - Tick:8:59:31
 ConsoleAppTopshelf.SampleServicename2018-05-24 08:59:36,229 [6] DEBUG ConsoleAppTopshelf.SampleService - Tick:8:59:36
 ConsoleAppTopshelf.SampleServicename2018-05-24 08:59:41,229 [6] DEBUG ConsoleAppTopshelf.SampleService - Tick:8:59:41
 ConsoleAppTopshelf.SampleServicename2018-05-24 08:59:46,230 [5] DEBUG ConsoleAppTopshelf.SampleService - Tick:8:59:46
 ConsoleAppTopshelf.SampleServicename2018-05-24 08:59:51,230 [6] DEBUG ConsoleAppTopshelf.SampleService - Tick:8:59:51
 ConsoleAppTopshelf.SampleServicename2018-05-24 08:59:56,230 [5] DEBUG ConsoleAppTopshelf.SampleService - Tick:8:59:56
 ConsoleAppTopshelf.SampleServicename2018-05-24 09:00:01,231 [6] DEBUG ConsoleAppTopshelf.SampleService - Tick:9:00:01
 ConsoleAppTopshelf.SampleServicename2018-05-24 09:00:06,233 [5] DEBUG ConsoleAppTopshelf.SampleService - Tick:9:00:06
 ConsoleAppTopshelf.SampleServicename2018-05-24 09:00:11,234 [6] DEBUG ConsoleAppTopshelf.SampleService - Tick:9:00:11
 ConsoleAppTopshelf.SampleServicename2018-05-24 09:00:16,235 [5] DEBUG ConsoleAppTopshelf.SampleService - Tick:9:00:16
 ConsoleAppTopshelf.SampleServicename2018-05-24 09:00:21,236 [6] DEBUG ConsoleAppTopshelf.SampleService - Tick:9:00:21
 ConsoleAppTopshelf.SampleServicename2018-05-24 09:00:26,236 [5] DEBUG ConsoleAppTopshelf.SampleService - Tick:9:00:26
 ConsoleAppTopshelf.SampleServicename2018-05-24 09:00:30,521 [6] INFO  ConsoleAppTopshelf.SampleService - SampleService is Stopped
 ConsoleAppTopshelf.SampleServicename